<?xml version="1.0" encoding="UTF-8"?>
<!-- Generated by org.testng.reporters.JUnitXMLReporter -->
<testsuite ignored="21" hostname="DESKTOP-OBCGJV1" failures="3" tests="3" name="JPTest_Suite 20241015" time="226.937" errors="0" timestamp="2024-10-16T13:42:55 IST">
  <testcase classname="tests.SetAllAlert" name="createJPPreviousDownAlert" time="116.435">
    <failure type="java.net.ConnectException" message="Connection timed out: connect">
      <![CDATA[java.net.ConnectException: Connection timed out: connect
at java.base/sun.nio.ch.Net.connect0(Native Method)
at java.base/sun.nio.ch.Net.connect(Net.java:579)
at java.base/sun.nio.ch.Net.connect(Net.java:568)
at java.base/sun.nio.ch.NioSocketImpl.connect(NioSocketImpl.java:576)
at java.base/java.net.SocksSocketImpl.connect(SocksSocketImpl.java:327)
at java.base/java.net.Socket.connect(Socket.java:666)
at org.apache.http.conn.scheme.PlainSocketFactory.connectSocket(PlainSocketFactory.java:121)
at org.apache.http.impl.conn.DefaultClientConnectionOperator.openConnection(DefaultClientConnectionOperator.java:180)
at org.apache.http.impl.conn.ManagedClientConnectionImpl.open(ManagedClientConnectionImpl.java:326)
at org.apache.http.impl.client.DefaultRequestDirector.tryConnect(DefaultRequestDirector.java:605)
at org.apache.http.impl.client.DefaultRequestDirector.execute(DefaultRequestDirector.java:440)
at org.apache.http.impl.client.AbstractHttpClient.doExecute(AbstractHttpClient.java:835)
at org.apache.http.impl.client.CloseableHttpClient.execute(CloseableHttpClient.java:83)
at io.restassured.internal.RestAssuredHttpBuilder.doRequest(RestAssuredHttpBuilder.java:141)
at io.restassured.internal.http.HTTPBuilder.post(HTTPBuilder.java:349)
at io.restassured.internal.http.HTTPBuilder$post$2.call(Unknown Source)
at org.codehaus.groovy.runtime.callsite.CallSiteArray.defaultCall(CallSiteArray.java:45)
at org.codehaus.groovy.runtime.callsite.AbstractCallSite.call(AbstractCallSite.java:125)
at org.codehaus.groovy.runtime.callsite.AbstractCallSite.call(AbstractCallSite.java:148)
at io.restassured.internal.RequestSpecificationImpl.sendRequest(RequestSpecificationImpl.groovy:1209)
at io.restassured.internal.RequestSpecificationImpl.this$2$sendRequest(RequestSpecificationImpl.groovy)
at groovy.lang.MetaMethod.doMethodInvoke(MetaMethod.java:328)
at groovy.lang.MetaClassImpl.doInvokeMethod(MetaClassImpl.java:1348)
at groovy.lang.MetaClassImpl.invokeMethod(MetaClassImpl.java:1103)
at groovy.lang.MetaClassImpl.invokeMethod(MetaClassImpl.java:1009)
at groovy.lang.MetaClassImpl.invokeMethod(MetaClassImpl.java:792)
at io.restassured.internal.RequestSpecificationImpl.invokeMethod(RequestSpecificationImpl.groovy)
at org.codehaus.groovy.runtime.callsite.PogoInterceptableSite.call(PogoInterceptableSite.java:46)
at org.codehaus.groovy.runtime.callsite.CallSiteArray.defaultCall(CallSiteArray.java:45)
at org.codehaus.groovy.runtime.callsite.AbstractCallSite.call(AbstractCallSite.java:125)
at org.codehaus.groovy.runtime.callsite.AbstractCallSite.call(AbstractCallSite.java:166)
at io.restassured.internal.filter.SendRequestFilter.filter(SendRequestFilter.groovy:30)
at io.restassured.filter.Filter$filter.call(Unknown Source)
at org.codehaus.groovy.runtime.callsite.CallSiteArray.defaultCall(CallSiteArray.java:45)
at io.restassured.filter.Filter$filter$0.call(Unknown Source)
at io.restassured.internal.filter.FilterContextImpl.next(FilterContextImpl.groovy:72)
at io.restassured.filter.time.TimingFilter.filter(TimingFilter.java:56)
at io.restassured.filter.Filter$filter$0.call(Unknown Source)
at org.codehaus.groovy.runtime.callsite.CallSiteArray.defaultCall(CallSiteArray.java:45)
at io.restassured.filter.Filter$filter.call(Unknown Source)
at io.restassured.internal.filter.FilterContextImpl.next(FilterContextImpl.groovy:72)
at io.restassured.filter.FilterContext$next.call(Unknown Source)
at org.codehaus.groovy.runtime.callsite.CallSiteArray.defaultCall(CallSiteArray.java:45)
at org.codehaus.groovy.runtime.callsite.AbstractCallSite.call(AbstractCallSite.java:125)
at org.codehaus.groovy.runtime.callsite.AbstractCallSite.call(AbstractCallSite.java:148)
at io.restassured.internal.filter.CsrfFilter.filter(CsrfFilter.groovy:70)
at io.restassured.filter.Filter$filter.call(Unknown Source)
at org.codehaus.groovy.runtime.callsite.CallSiteArray.defaultCall(CallSiteArray.java:45)
at org.codehaus.groovy.runtime.callsite.AbstractCallSite.call(AbstractCallSite.java:125)
at org.codehaus.groovy.runtime.callsite.AbstractCallSite.call(AbstractCallSite.java:157)
at io.restassured.internal.filter.FilterContextImpl.next(FilterContextImpl.groovy:72)
at io.restassured.filter.FilterContext$next.call(Unknown Source)
at org.codehaus.groovy.runtime.callsite.CallSiteArray.defaultCall(CallSiteArray.java:45)
at org.codehaus.groovy.runtime.callsite.AbstractCallSite.call(AbstractCallSite.java:125)
at org.codehaus.groovy.runtime.callsite.AbstractCallSite.call(AbstractCallSite.java:148)
at io.restassured.internal.RequestSpecificationImpl.applyPathParamsAndSendRequest(RequestSpecificationImpl.groovy:1704)
at io.restassured.internal.RequestSpecificationImpl.this$2$applyPathParamsAndSendRequest(RequestSpecificationImpl.groovy)
at groovy.lang.MetaMethod.doMethodInvoke(MetaMethod.java:328)
at groovy.lang.MetaClassImpl.doInvokeMethod(MetaClassImpl.java:1348)
at groovy.lang.MetaClassImpl.invokeMethod(MetaClassImpl.java:1103)
at groovy.lang.MetaClassImpl.invokeMethod(MetaClassImpl.java:1009)
at groovy.lang.MetaClassImpl.invokeMethod(MetaClassImpl.java:792)
at io.restassured.internal.RequestSpecificationImpl.invokeMethod(RequestSpecificationImpl.groovy)
at org.codehaus.groovy.runtime.callsite.PogoInterceptableSite.call(PogoInterceptableSite.java:46)
at org.codehaus.groovy.runtime.callsite.PogoInterceptableSite.callCurrent(PogoInterceptableSite.java:57)
at org.codehaus.groovy.runtime.callsite.CallSiteArray.defaultCallCurrent(CallSiteArray.java:49)
at org.codehaus.groovy.runtime.callsite.AbstractCallSite.callCurrent(AbstractCallSite.java:171)
at org.codehaus.groovy.runtime.callsite.AbstractCallSite.callCurrent(AbstractCallSite.java:203)
at io.restassured.internal.RequestSpecificationImpl.applyPathParamsAndSendRequest(RequestSpecificationImpl.groovy:1710)
at io.restassured.internal.RequestSpecificationImpl.this$2$applyPathParamsAndSendRequest(RequestSpecificationImpl.groovy)
at groovy.lang.MetaMethod.doMethodInvoke(MetaMethod.java:328)
at groovy.lang.MetaClassImpl.doInvokeMethod(MetaClassImpl.java:1348)
at groovy.lang.MetaClassImpl.invokeMethod(MetaClassImpl.java:1103)
at groovy.lang.MetaClassImpl.invokeMethod(MetaClassImpl.java:1009)
at groovy.lang.MetaClassImpl.invokeMethod(MetaClassImpl.java:792)
at io.restassured.internal.RequestSpecificationImpl.invokeMethod(RequestSpecificationImpl.groovy)
at org.codehaus.groovy.runtime.callsite.PogoInterceptableSite.call(PogoInterceptableSite.java:46)
at org.codehaus.groovy.runtime.callsite.PogoInterceptableSite.callCurrent(PogoInterceptableSite.java:57)
at org.codehaus.groovy.runtime.callsite.CallSiteArray.defaultCallCurrent(CallSiteArray.java:49)
at org.codehaus.groovy.runtime.callsite.AbstractCallSite.callCurrent(AbstractCallSite.java:171)
at org.codehaus.groovy.runtime.callsite.AbstractCallSite.callCurrent(AbstractCallSite.java:203)
at io.restassured.internal.RequestSpecificationImpl.post(RequestSpecificationImpl.groovy:176)
at io.restassured.internal.RequestSpecificationImpl.post(RequestSpecificationImpl.groovy)
at utils.DemoAPI.getValueFromPushDB(DemoAPI.java:18)
at utils.PushDBAPI.getNoticeIds(PushDBAPI.java:35)
at utils.PushDBAPI.captureDBEvidence(PushDBAPI.java:23)
at tests.BaseTest.dbEvidenceCapture(BaseTest.java:299)
at utils.CreateAllAlertUtil.createAlertWithSnapshot(CreateAllAlertUtil.java:378)
at utils.CreateAllAlertUtil.createJPpreviousdayDownalert(CreateAllAlertUtil.java:63)
at tests.SetAllAlert.createJPPreviousDownAlert(SetAllAlert.java:67)
at java.base/java.util.ArrayList.forEach(ArrayList.java:1511)
at runner.TestRunner.main(TestRunner.java:21)
... Removed 31 stack frames]]>
    </failure>
  </testcase> <!-- createJPPreviousDownAlert -->
  <testcase classname="tests.DeleteAlertInStatusList" name="deleteOneAlertInStatusList" time="26.466">
    <failure type="org.openqa.selenium.TimeoutException" message="Expected condition failed: waiting for visibility of element located by By.xpath: //android.widget.TextView[@resource-id=&amp;apos;jp.co.rakuten_sec.ispeed:id/hms&amp;apos;] (tried for 10 second(s) with 500 milliseconds interval)">
      <![CDATA[org.openqa.selenium.TimeoutException: Expected condition failed: waiting for visibility of element located by By.xpath: //android.widget.TextView[@resource-id='jp.co.rakuten_sec.ispeed:id/hms'] (tried for 10 second(s) with 500 milliseconds interval)
at org.openqa.selenium.support.ui.WebDriverWait.timeoutException(WebDriverWait.java:95)
at org.openqa.selenium.support.ui.FluentWait.until(FluentWait.java:272)
at utils.BasePage.waitForElementToBeVisible(BasePage.java:51)
at pages.DeleteAlertPage.timeStampBeforeDeleteSingleInStatus(DeleteAlertPage.java:70)
at tests.DeleteAlertInStatusList.deleteOneInStatusList(DeleteAlertInStatusList.java:68)
at tests.DeleteAlertInStatusList.deleteOneAlertInStatusList(DeleteAlertInStatusList.java:35)
at java.base/java.util.ArrayList.forEach(ArrayList.java:1511)
at runner.TestRunner.main(TestRunner.java:21)
Caused by: org.openqa.selenium.NoSuchElementException: An element could not be located on the page using the given search parameters.
For documentation on this error, please visit: https://www.seleniumhq.org/exceptions/no_such_element.html
Build info: version: 'unknown', revision: 'unknown', time: 'unknown'
System info: host: 'DESKTOP-OBCGJV1', ip: '192.168.29.49', os.name: 'Windows 10', os.arch: 'amd64', os.version: '10.0', java.version: '19.0.2'
Driver info: io.appium.java_client.android.AndroidDriver
Capabilities {autoGrantPermissions: true, automationName: UiAutomator2, databaseEnabled: false, desired: {autoGrantPermissions: true, automationName: UiAutomator2, newCommandTimeout: 600, permissions: notification, platformName: android, platformVersion: 11, udid: A6LJTCX8PJCEK7WW}, deviceApiLevel: 33, deviceManufacturer: Xiaomi, deviceModel: 2311DRN14I, deviceName: A6LJTCX8PJCEK7WW, deviceScreenDensity: 320, deviceScreenSize: 720x1600, deviceUDID: A6LJTCX8PJCEK7WW, javascriptEnabled: true, locationContextEnabled: false, networkConnectionEnabled: true, newCommandTimeout: 600, permissions: notification, pixelRatio: 2, platform: LINUX, platformName: Android, platformVersion: 13, statBarHeight: 68, takesScreenshot: true, udid: A6LJTCX8PJCEK7WW, viewportRect: {height: 1532, left: 0, top: 68, width: 720}, warnings: {}, webStorageEnabled: false}
Session ID: 191d56fa-36c7-4b0c-97a8-9e058ce6f7ce
*** Element info: {Using=xpath, value=//android.widget.TextView[@resource-id='jp.co.rakuten_sec.ispeed:id/hms']}
at org.openqa.selenium.remote.http.W3CHttpResponseCodec.createException(W3CHttpResponseCodec.java:187)
at org.openqa.selenium.remote.http.W3CHttpResponseCodec.decode(W3CHttpResponseCodec.java:122)
at org.openqa.selenium.remote.http.W3CHttpResponseCodec.decode(W3CHttpResponseCodec.java:49)
at org.openqa.selenium.remote.HttpCommandExecutor.execute(HttpCommandExecutor.java:158)
at io.appium.java_client.remote.AppiumCommandExecutor.execute(AppiumCommandExecutor.java:247)
at org.openqa.selenium.remote.RemoteWebDriver.execute(RemoteWebDriver.java:552)
at io.appium.java_client.DefaultGenericMobileDriver.execute(DefaultGenericMobileDriver.java:41)
at io.appium.java_client.AppiumDriver.execute(AppiumDriver.java:1)
at io.appium.java_client.android.AndroidDriver.execute(AndroidDriver.java:1)
at org.openqa.selenium.remote.RemoteWebDriver.findElement(RemoteWebDriver.java:323)
at io.appium.java_client.DefaultGenericMobileDriver.findElement(DefaultGenericMobileDriver.java:61)
at io.appium.java_client.AppiumDriver.findElement(AppiumDriver.java:1)
at io.appium.java_client.android.AndroidDriver.findElement(AndroidDriver.java:1)
at org.openqa.selenium.remote.RemoteWebDriver.findElementByXPath(RemoteWebDriver.java:428)
at io.appium.java_client.DefaultGenericMobileDriver.findElementByXPath(DefaultGenericMobileDriver.java:151)
at io.appium.java_client.AppiumDriver.findElementByXPath(AppiumDriver.java:1)
at io.appium.java_client.android.AndroidDriver.findElementByXPath(AndroidDriver.java:1)
at org.openqa.selenium.By$ByXPath.findElement(By.java:353)
at org.openqa.selenium.remote.RemoteWebDriver.findElement(RemoteWebDriver.java:315)
at io.appium.java_client.DefaultGenericMobileDriver.findElement(DefaultGenericMobileDriver.java:57)
at io.appium.java_client.AppiumDriver.findElement(AppiumDriver.java:1)
at io.appium.java_client.android.AndroidDriver.findElement(AndroidDriver.java:1)
at org.openqa.selenium.support.ui.ExpectedConditions$7.apply(ExpectedConditions.java:205)
at org.openqa.selenium.support.ui.ExpectedConditions$7.apply(ExpectedConditions.java:201)
at org.openqa.selenium.support.ui.FluentWait.until(FluentWait.java:249)
... 28 more
... Removed 25 stack frames]]>
    </failure>
  </testcase> <!-- deleteOneAlertInStatusList -->
  <testcase classname="tests.DeleteAlertInStatusList" name="deleteAllAlertInStatusList" time="19.652">
    <failure type="org.openqa.selenium.TimeoutException" message="Expected condition failed: waiting for element to be clickable: By.id: jp.co.rakuten_sec.ispeed:id/delete_all_button (tried for 10 second(s) with 500 milliseconds interval)
Build info: version: &amp;apos;unknown&amp;apos;, revision: &amp;apos;unknown&amp;apos;, time: &amp;apos;unknown&amp;apos;
System info: host: &amp;apos;DESKTOP-OBCGJV1&amp;apos;, ip: &amp;apos;192.168.29.49&amp;apos;, os.name: &amp;apos;Windows 10&amp;apos;, os.arch: &amp;apos;amd64&amp;apos;, os.version: &amp;apos;10.0&amp;apos;, java.version: &amp;apos;19.0.2&amp;apos;
Driver info: io.appium.java_client.android.AndroidDriver
Capabilities {autoGrantPermissions: true, automationName: UiAutomator2, databaseEnabled: false, desired: {autoGrantPermissions: true, automationName: UiAutomator2, newCommandTimeout: 600, permissions: notification, platformName: android, platformVersion: 11, udid: A6LJTCX8PJCEK7WW}, deviceApiLevel: 33, deviceManufacturer: Xiaomi, deviceModel: 2311DRN14I, deviceName: A6LJTCX8PJCEK7WW, deviceScreenDensity: 320, deviceScreenSize: 720x1600, deviceUDID: A6LJTCX8PJCEK7WW, javascriptEnabled: true, locationContextEnabled: false, networkConnectionEnabled: true, newCommandTimeout: 600, permissions: notification, pixelRatio: 2, platform: LINUX, platformName: Android, platformVersion: 13, statBarHeight: 68, takesScreenshot: true, udid: A6LJTCX8PJCEK7WW, viewportRect: {height: 1532, left: 0, top: 68, width: 720}, warnings: {}, webStorageEnabled: false}
Session ID: 191d56fa-36c7-4b0c-97a8-9e058ce6f7ce">
      <![CDATA[org.openqa.selenium.TimeoutException: Expected condition failed: waiting for element to be clickable: By.id: jp.co.rakuten_sec.ispeed:id/delete_all_button (tried for 10 second(s) with 500 milliseconds interval)
Build info: version: 'unknown', revision: 'unknown', time: 'unknown'
System info: host: 'DESKTOP-OBCGJV1', ip: '192.168.29.49', os.name: 'Windows 10', os.arch: 'amd64', os.version: '10.0', java.version: '19.0.2'
Driver info: io.appium.java_client.android.AndroidDriver
Capabilities {autoGrantPermissions: true, automationName: UiAutomator2, databaseEnabled: false, desired: {autoGrantPermissions: true, automationName: UiAutomator2, newCommandTimeout: 600, permissions: notification, platformName: android, platformVersion: 11, udid: A6LJTCX8PJCEK7WW}, deviceApiLevel: 33, deviceManufacturer: Xiaomi, deviceModel: 2311DRN14I, deviceName: A6LJTCX8PJCEK7WW, deviceScreenDensity: 320, deviceScreenSize: 720x1600, deviceUDID: A6LJTCX8PJCEK7WW, javascriptEnabled: true, locationContextEnabled: false, networkConnectionEnabled: true, newCommandTimeout: 600, permissions: notification, pixelRatio: 2, platform: LINUX, platformName: Android, platformVersion: 13, statBarHeight: 68, takesScreenshot: true, udid: A6LJTCX8PJCEK7WW, viewportRect: {height: 1532, left: 0, top: 68, width: 720}, warnings: {}, webStorageEnabled: false}
Session ID: 191d56fa-36c7-4b0c-97a8-9e058ce6f7ce
at org.openqa.selenium.support.ui.WebDriverWait.timeoutException(WebDriverWait.java:95)
at org.openqa.selenium.support.ui.FluentWait.until(FluentWait.java:272)
at utils.BasePage.waitForElementToBeClickable(BasePage.java:39)
at pages.DeleteAlertPage.clickOnDeleteIconStatus(DeleteAlertPage.java:115)
at tests.DeleteAlertInStatusList.deleteAllInStatus(DeleteAlertInStatusList.java:98)
at tests.DeleteAlertInStatusList.deleteAllAlertInStatusList(DeleteAlertInStatusList.java:53)
at java.base/java.util.ArrayList.forEach(ArrayList.java:1511)
at runner.TestRunner.main(TestRunner.java:21)
... Removed 22 stack frames]]>
    </failure>
  </testcase> <!-- deleteAllAlertInStatusList -->
  <testcase classname="tests.SetAllAlert" name="createPreviousDayDownIndexAlertNippon" time="0.0">
    <ignored/>
  </testcase> <!-- createPreviousDayDownIndexAlertNippon -->
  <testcase classname="tests.SetAllAlert" name="createJPPreviousUpAlert" time="0.0">
    <ignored/>
  </testcase> <!-- createJPPreviousUpAlert -->
  <testcase classname="tests.SetAllAlert" name="createPriceUpIndexAlertUS" time="0.0">
    <ignored/>
  </testcase> <!-- createPriceUpIndexAlertUS -->
  <testcase classname="tests.SetAllAlert" name="createPriceDownIndexAlertUS" time="0.0">
    <ignored/>
  </testcase> <!-- createPriceDownIndexAlertUS -->
  <testcase classname="tests.BaseTest" name="@BeforeSuite setUp" time="0.0">
    <ignored/>
  </testcase> <!-- @BeforeSuite setUp -->
  <testcase classname="tests.SetAllAlert" name="createPriceDownIndexAlertSakimono" time="0.0">
    <ignored/>
  </testcase> <!-- createPriceDownIndexAlertSakimono -->
  <testcase classname="tests.SetAllAlert" name="createPreviousDayDownIndexAlertSakimono" time="0.0">
    <ignored/>
  </testcase> <!-- createPreviousDayDownIndexAlertSakimono -->
  <testcase classname="tests.SetAllAlert" name="createUSPriceUpAlert" time="0.0">
    <ignored/>
  </testcase> <!-- createUSPriceUpAlert -->
  <testcase classname="tests.SetAllAlert" name="createPriceDownIndexAlertNippon" time="0.0">
    <ignored/>
  </testcase> <!-- createPriceDownIndexAlertNippon -->
  <testcase classname="tests.SetAllAlert" name="createUSPriceDownAlert" time="0.0">
    <ignored/>
  </testcase> <!-- createUSPriceDownAlert -->
  <testcase classname="tests.SetAllAlert" name="CreateJPPriceUpAlert" time="0.0">
    <ignored/>
  </testcase> <!-- CreateJPPriceUpAlert -->
  <testcase classname="tests.SetAllAlert" name="createUSpreviousDayUpAlert" time="0.0">
    <ignored/>
  </testcase> <!-- createUSpreviousDayUpAlert -->
  <testcase classname="tests.SetAllAlert" name="createPrevoiusDayUpIndexAlertNippon" time="0.0">
    <ignored/>
  </testcase> <!-- createPrevoiusDayUpIndexAlertNippon -->
  <testcase classname="tests.SetAllAlert" name="createJPPriceDownAlert" time="0.0">
    <ignored/>
  </testcase> <!-- createJPPriceDownAlert -->
  <testcase classname="tests.SetAllAlert" name="createPriceUpIndexAlertNippon" time="0.0">
    <ignored/>
  </testcase> <!-- createPriceUpIndexAlertNippon -->
  <testcase classname="tests.SetAllAlert" name="createPrevoiusDayUpIndexAlertSakimono" time="0.0">
    <ignored/>
  </testcase> <!-- createPrevoiusDayUpIndexAlertSakimono -->
  <testcase classname="tests.SetAllAlert" name="createPrevoiusDayUpIndexAlertUS" time="0.0">
    <ignored/>
  </testcase> <!-- createPrevoiusDayUpIndexAlertUS -->
  <testcase classname="tests.SetAllAlert" name="createPriceUpIndexAlertSakimono" time="0.0">
    <ignored/>
  </testcase> <!-- createPriceUpIndexAlertSakimono -->
  <testcase classname="tests.SetAllAlert" name="createPreviousDayDownIndexAlertUS" time="0.0">
    <ignored/>
  </testcase> <!-- createPreviousDayDownIndexAlertUS -->
  <testcase classname="tests.BaseTest" name="@AfterSuite tearDown" time="0.0">
    <ignored/>
  </testcase> <!-- @AfterSuite tearDown -->
  <testcase classname="tests.SetAllAlert" name="createUSpreviousDayDownAlert" time="0.0">
    <ignored/>
  </testcase> <!-- createUSpreviousDayDownAlert -->
</testsuite> <!-- JPTest_Suite 20241015 -->
