<?xml version="1.0" encoding="UTF-8"?>
<!-- Generated by org.testng.reporters.JUnitReportReporter -->
<testsuite hostname="DESKTOP-OBCGJV1" failures="0" tests="2" name="tests.DeleteAlertInStatusList" time="64.724" errors="2" timestamp="2024-10-16T13:43:10 IST" skipped="0">
  <testcase classname="tests.DeleteAlertInStatusList" name="deleteOneAlertInStatusList" time="36.108">
    <error message="Expected condition failed: waiting for visibility of element located by By.xpath: //android.widget.TextView[@resource-id=&#039;jp.co.rakuten_sec.ispeed:id/hms&#039;] (tried for 10 second(s) with 500 milliseconds interval)" type="org.openqa.selenium.TimeoutException">
      <![CDATA[org.openqa.selenium.TimeoutException: Expected condition failed: waiting for visibility of element located by By.xpath: //android.widget.TextView[@resource-id='jp.co.rakuten_sec.ispeed:id/hms'] (tried for 10 second(s) with 500 milliseconds interval)
at org.openqa.selenium.support.ui.WebDriverWait.timeoutException(WebDriverWait.java:95)
at org.openqa.selenium.support.ui.FluentWait.until(FluentWait.java:272)
at utils.BasePage.waitForElementToBeVisible(BasePage.java:51)
at pages.DeleteAlertPage.timeStampBeforeDeleteSingleInStatus(DeleteAlertPage.java:70)
at tests.DeleteAlertInStatusList.deleteOneInStatusList(DeleteAlertInStatusList.java:68)
at tests.DeleteAlertInStatusList.deleteOneAlertInStatusList(DeleteAlertInStatusList.java:35)
at java.base/jdk.internal.reflect.DirectMethodHandleAccessor.invoke(DirectMethodHandleAccessor.java:104)
at java.base/java.lang.reflect.Method.invoke(Method.java:578)
at org.testng.internal.invokers.MethodInvocationHelper.invokeMethod(MethodInvocationHelper.java:139)
at org.testng.internal.invokers.TestInvoker.invokeMethod(TestInvoker.java:677)
at org.testng.internal.invokers.TestInvoker.invokeTestMethod(TestInvoker.java:221)
at org.testng.internal.invokers.MethodRunner.runInSequence(MethodRunner.java:50)
at org.testng.internal.invokers.TestInvoker$MethodInvocationAgent.invoke(TestInvoker.java:962)
at org.testng.internal.invokers.TestInvoker.invokeTestMethods(TestInvoker.java:194)
at org.testng.internal.invokers.TestMethodWorker.invokeTestMethods(TestMethodWorker.java:148)
at org.testng.internal.invokers.TestMethodWorker.run(TestMethodWorker.java:128)
at java.base/java.util.ArrayList.forEach(ArrayList.java:1511)
at org.testng.TestRunner.privateRun(TestRunner.java:806)
at org.testng.TestRunner.run(TestRunner.java:601)
at org.testng.SuiteRunner.runTest(SuiteRunner.java:433)
at org.testng.SuiteRunner.runSequentially(SuiteRunner.java:427)
at org.testng.SuiteRunner.privateRun(SuiteRunner.java:387)
at org.testng.SuiteRunner.run(SuiteRunner.java:330)
at org.testng.SuiteRunnerWorker.runSuite(SuiteRunnerWorker.java:52)
at org.testng.SuiteRunnerWorker.run(SuiteRunnerWorker.java:95)
at org.testng.TestNG.runSuitesSequentially(TestNG.java:1256)
at org.testng.TestNG.runSuitesLocally(TestNG.java:1176)
at org.testng.TestNG.runSuites(TestNG.java:1099)
at org.testng.TestNG.run(TestNG.java:1067)
at runner.TestRunner.main(TestRunner.java:21)
Caused by: org.openqa.selenium.NoSuchElementException: An element could not be located on the page using the given search parameters.
For documentation on this error, please visit: https://www.seleniumhq.org/exceptions/no_such_element.html
Build info: version: 'unknown', revision: 'unknown', time: 'unknown'
System info: host: 'DESKTOP-OBCGJV1', ip: '192.168.29.49', os.name: 'Windows 10', os.arch: 'amd64', os.version: '10.0', java.version: '19.0.2'
Driver info: io.appium.java_client.android.AndroidDriver
Capabilities {autoGrantPermissions: true, automationName: UiAutomator2, databaseEnabled: false, desired: {autoGrantPermissions: true, automationName: UiAutomator2, newCommandTimeout: 600, permissions: notification, platformName: android, platformVersion: 11, udid: A6LJTCX8PJCEK7WW}, deviceApiLevel: 33, deviceManufacturer: Xiaomi, deviceModel: 2311DRN14I, deviceName: A6LJTCX8PJCEK7WW, deviceScreenDensity: 320, deviceScreenSize: 720x1600, deviceUDID: A6LJTCX8PJCEK7WW, javascriptEnabled: true, locationContextEnabled: false, networkConnectionEnabled: true, newCommandTimeout: 600, permissions: notification, pixelRatio: 2, platform: LINUX, platformName: Android, platformVersion: 13, statBarHeight: 68, takesScreenshot: true, udid: A6LJTCX8PJCEK7WW, viewportRect: {height: 1532, left: 0, top: 68, width: 720}, warnings: {}, webStorageEnabled: false}
Session ID: 191d56fa-36c7-4b0c-97a8-9e058ce6f7ce
*** Element info: {Using=xpath, value=//android.widget.TextView[@resource-id='jp.co.rakuten_sec.ispeed:id/hms']}
at java.base/jdk.internal.reflect.DirectConstructorHandleAccessor.newInstance(DirectConstructorHandleAccessor.java:67)
at java.base/java.lang.reflect.Constructor.newInstanceWithCaller(Constructor.java:500)
at java.base/java.lang.reflect.Constructor.newInstance(Constructor.java:484)
at org.openqa.selenium.remote.http.W3CHttpResponseCodec.createException(W3CHttpResponseCodec.java:187)
at org.openqa.selenium.remote.http.W3CHttpResponseCodec.decode(W3CHttpResponseCodec.java:122)
at org.openqa.selenium.remote.http.W3CHttpResponseCodec.decode(W3CHttpResponseCodec.java:49)
at org.openqa.selenium.remote.HttpCommandExecutor.execute(HttpCommandExecutor.java:158)
at io.appium.java_client.remote.AppiumCommandExecutor.execute(AppiumCommandExecutor.java:247)
at org.openqa.selenium.remote.RemoteWebDriver.execute(RemoteWebDriver.java:552)
at io.appium.java_client.DefaultGenericMobileDriver.execute(DefaultGenericMobileDriver.java:41)
at io.appium.java_client.AppiumDriver.execute(AppiumDriver.java:1)
at io.appium.java_client.android.AndroidDriver.execute(AndroidDriver.java:1)
at org.openqa.selenium.remote.RemoteWebDriver.findElement(RemoteWebDriver.java:323)
at io.appium.java_client.DefaultGenericMobileDriver.findElement(DefaultGenericMobileDriver.java:61)
at io.appium.java_client.AppiumDriver.findElement(AppiumDriver.java:1)
at io.appium.java_client.android.AndroidDriver.findElement(AndroidDriver.java:1)
at org.openqa.selenium.remote.RemoteWebDriver.findElementByXPath(RemoteWebDriver.java:428)
at io.appium.java_client.DefaultGenericMobileDriver.findElementByXPath(DefaultGenericMobileDriver.java:151)
at io.appium.java_client.AppiumDriver.findElementByXPath(AppiumDriver.java:1)
at io.appium.java_client.android.AndroidDriver.findElementByXPath(AndroidDriver.java:1)
at org.openqa.selenium.By$ByXPath.findElement(By.java:353)
at org.openqa.selenium.remote.RemoteWebDriver.findElement(RemoteWebDriver.java:315)
at io.appium.java_client.DefaultGenericMobileDriver.findElement(DefaultGenericMobileDriver.java:57)
at io.appium.java_client.AppiumDriver.findElement(AppiumDriver.java:1)
at io.appium.java_client.android.AndroidDriver.findElement(AndroidDriver.java:1)
at org.openqa.selenium.support.ui.ExpectedConditions$7.apply(ExpectedConditions.java:205)
at org.openqa.selenium.support.ui.ExpectedConditions$7.apply(ExpectedConditions.java:201)
at org.openqa.selenium.support.ui.FluentWait.until(FluentWait.java:249)
... 28 more
]]>
    </error>
  </testcase> <!-- deleteOneAlertInStatusList -->
  <system-out/>
  <testcase classname="tests.DeleteAlertInStatusList" name="deleteAllAlertInStatusList" time="28.616">
    <error message="Expected condition failed: waiting for element to be clickable: By.id: jp.co.rakuten_sec.ispeed:id/delete_all_button (tried for 10 second(s) with 500 milliseconds interval)
Build info: version: &#039;unknown&#039;, revision: &#039;unknown&#039;, time: &#039;unknown&#039;
System info: host: &#039;DESKTOP-OBCGJV1&#039;, ip: &#039;192.168.29.49&#039;, os.name: &#039;Windows 10&#039;, os.arch: &#039;amd64&#039;, os.version: &#039;10.0&#039;, java.version: &#039;19.0.2&#039;
Driver info: io.appium.java_client.android.AndroidDriver
Capabilities {autoGrantPermissions: true, automationName: UiAutomator2, databaseEnabled: false, desired: {autoGrantPermissions: true, automationName: UiAutomator2, newCommandTimeout: 600, permissions: notification, platformName: android, platformVersion: 11, udid: A6LJTCX8PJCEK7WW}, deviceApiLevel: 33, deviceManufacturer: Xiaomi, deviceModel: 2311DRN14I, deviceName: A6LJTCX8PJCEK7WW, deviceScreenDensity: 320, deviceScreenSize: 720x1600, deviceUDID: A6LJTCX8PJCEK7WW, javascriptEnabled: true, locationContextEnabled: false, networkConnectionEnabled: true, newCommandTimeout: 600, permissions: notification, pixelRatio: 2, platform: LINUX, platformName: Android, platformVersion: 13, statBarHeight: 68, takesScreenshot: true, udid: A6LJTCX8PJCEK7WW, viewportRect: {height: 1532, left: 0, top: 68, width: 720}, warnings: {}, webStorageEnabled: false}
Session ID: 191d56fa-36c7-4b0c-97a8-9e058ce6f7ce" type="org.openqa.selenium.TimeoutException">
      <![CDATA[org.openqa.selenium.TimeoutException: Expected condition failed: waiting for element to be clickable: By.id: jp.co.rakuten_sec.ispeed:id/delete_all_button (tried for 10 second(s) with 500 milliseconds interval)
Build info: version: 'unknown', revision: 'unknown', time: 'unknown'
System info: host: 'DESKTOP-OBCGJV1', ip: '192.168.29.49', os.name: 'Windows 10', os.arch: 'amd64', os.version: '10.0', java.version: '19.0.2'
Driver info: io.appium.java_client.android.AndroidDriver
Capabilities {autoGrantPermissions: true, automationName: UiAutomator2, databaseEnabled: false, desired: {autoGrantPermissions: true, automationName: UiAutomator2, newCommandTimeout: 600, permissions: notification, platformName: android, platformVersion: 11, udid: A6LJTCX8PJCEK7WW}, deviceApiLevel: 33, deviceManufacturer: Xiaomi, deviceModel: 2311DRN14I, deviceName: A6LJTCX8PJCEK7WW, deviceScreenDensity: 320, deviceScreenSize: 720x1600, deviceUDID: A6LJTCX8PJCEK7WW, javascriptEnabled: true, locationContextEnabled: false, networkConnectionEnabled: true, newCommandTimeout: 600, permissions: notification, pixelRatio: 2, platform: LINUX, platformName: Android, platformVersion: 13, statBarHeight: 68, takesScreenshot: true, udid: A6LJTCX8PJCEK7WW, viewportRect: {height: 1532, left: 0, top: 68, width: 720}, warnings: {}, webStorageEnabled: false}
Session ID: 191d56fa-36c7-4b0c-97a8-9e058ce6f7ce
at org.openqa.selenium.support.ui.WebDriverWait.timeoutException(WebDriverWait.java:95)
at org.openqa.selenium.support.ui.FluentWait.until(FluentWait.java:272)
at utils.BasePage.waitForElementToBeClickable(BasePage.java:39)
at pages.DeleteAlertPage.clickOnDeleteIconStatus(DeleteAlertPage.java:115)
at tests.DeleteAlertInStatusList.deleteAllInStatus(DeleteAlertInStatusList.java:98)
at tests.DeleteAlertInStatusList.deleteAllAlertInStatusList(DeleteAlertInStatusList.java:53)
at java.base/jdk.internal.reflect.DirectMethodHandleAccessor.invoke(DirectMethodHandleAccessor.java:104)
at java.base/java.lang.reflect.Method.invoke(Method.java:578)
at org.testng.internal.invokers.MethodInvocationHelper.invokeMethod(MethodInvocationHelper.java:139)
at org.testng.internal.invokers.TestInvoker.invokeMethod(TestInvoker.java:677)
at org.testng.internal.invokers.TestInvoker.invokeTestMethod(TestInvoker.java:221)
at org.testng.internal.invokers.MethodRunner.runInSequence(MethodRunner.java:50)
at org.testng.internal.invokers.TestInvoker$MethodInvocationAgent.invoke(TestInvoker.java:962)
at org.testng.internal.invokers.TestInvoker.invokeTestMethods(TestInvoker.java:194)
at org.testng.internal.invokers.TestMethodWorker.invokeTestMethods(TestMethodWorker.java:148)
at org.testng.internal.invokers.TestMethodWorker.run(TestMethodWorker.java:128)
at java.base/java.util.ArrayList.forEach(ArrayList.java:1511)
at org.testng.TestRunner.privateRun(TestRunner.java:806)
at org.testng.TestRunner.run(TestRunner.java:601)
at org.testng.SuiteRunner.runTest(SuiteRunner.java:433)
at org.testng.SuiteRunner.runSequentially(SuiteRunner.java:427)
at org.testng.SuiteRunner.privateRun(SuiteRunner.java:387)
at org.testng.SuiteRunner.run(SuiteRunner.java:330)
at org.testng.SuiteRunnerWorker.runSuite(SuiteRunnerWorker.java:52)
at org.testng.SuiteRunnerWorker.run(SuiteRunnerWorker.java:95)
at org.testng.TestNG.runSuitesSequentially(TestNG.java:1256)
at org.testng.TestNG.runSuitesLocally(TestNG.java:1176)
at org.testng.TestNG.runSuites(TestNG.java:1099)
at org.testng.TestNG.run(TestNG.java:1067)
at runner.TestRunner.main(TestRunner.java:21)
]]>
    </error>
  </testcase> <!-- deleteAllAlertInStatusList -->
  <system-out/>
</testsuite> <!-- tests.DeleteAlertInStatusList -->
